2025-03-16 14:28:20 +01:00: > Ready on http://0.0.0.0:3000
2025-03-16 14:28:20 +01:00: Environment Configuration: {
2025-03-16 14:28:20 +01:00:   apiUrl: 'https://maasiso.nl',
2025-03-16 14:28:20 +01:00:   siteUrl: 'https://maasiso.nl',
2025-03-16 14:28:20 +01:00:   graphqlUrl: '',
2025-03-16 14:28:20 +01:00:   strapiToken: '[REDACTED]',
2025-03-16 14:28:20 +01:00:   enableBlog: true,
2025-03-16 14:28:20 +01:00:   enableTools: true,
2025-03-16 14:28:20 +01:00:   debug: true
2025-03-16 14:28:20 +01:00: }
2025-03-16 14:28:20 +01:00: Environment Configuration: {
2025-03-16 14:28:20 +01:00:   apiUrl: 'https://maasiso.nl',
2025-03-16 14:28:20 +01:00:   siteUrl: 'https://maasiso.nl',
2025-03-16 14:28:20 +01:00:   graphqlUrl: '',
2025-03-16 14:28:20 +01:00:   strapiToken: '[REDACTED]',
2025-03-16 14:28:20 +01:00:   enableBlog: true,
2025-03-16 14:28:20 +01:00:   enableTools: true,
2025-03-16 14:28:20 +01:00:   debug: true
2025-03-16 14:28:20 +01:00: }
2025-03-16 14:29:57 +01:00: > Ready on http://0.0.0.0:3000
2025-03-16 14:29:57 +01:00: Environment Configuration: {
2025-03-16 14:29:57 +01:00:   apiUrl: 'https://maasiso.nl',
2025-03-16 14:29:57 +01:00:   siteUrl: 'https://maasiso.nl',
2025-03-16 14:29:57 +01:00:   graphqlUrl: '',
2025-03-16 14:29:57 +01:00:   strapiToken: '[REDACTED]',
2025-03-16 14:29:57 +01:00:   enableBlog: true,
2025-03-16 14:29:57 +01:00:   enableTools: true,
2025-03-16 14:29:57 +01:00:   debug: true
2025-03-16 14:29:57 +01:00: }
2025-03-16 14:29:57 +01:00: Environment Configuration: {
2025-03-16 14:29:57 +01:00:   apiUrl: 'https://maasiso.nl',
2025-03-16 14:29:57 +01:00:   siteUrl: 'https://maasiso.nl',
2025-03-16 14:29:57 +01:00:   graphqlUrl: '',
2025-03-16 14:29:57 +01:00:   strapiToken: '[REDACTED]',
2025-03-16 14:29:57 +01:00:   enableBlog: true,
2025-03-16 14:29:57 +01:00:   enableTools: true,
2025-03-16 14:29:57 +01:00:   debug: true
2025-03-16 14:29:57 +01:00: }
2025-03-16 23:08:22 +01:00: > Ready on http://0.0.0.0:3000
2025-03-16 23:08:22 +01:00: Environment Configuration: {
2025-03-16 23:08:22 +01:00:   apiUrl: '/api/proxy',
2025-03-16 23:08:22 +01:00:   siteUrl: 'https://maasiso.nl',
2025-03-16 23:08:22 +01:00:   graphqlUrl: '',
2025-03-16 23:08:22 +01:00:   strapiToken: '[REDACTED]',
2025-03-16 23:08:22 +01:00:   enableBlog: true,
2025-03-16 23:08:22 +01:00:   enableTools: true,
2025-03-16 23:08:22 +01:00:   debug: true
2025-03-16 23:08:22 +01:00: }
2025-03-16 23:08:22 +01:00: Environment Configuration: {
2025-03-16 23:08:22 +01:00:   apiUrl: '/api/proxy',
2025-03-16 23:08:22 +01:00:   siteUrl: 'https://maasiso.nl',
2025-03-16 23:08:22 +01:00:   graphqlUrl: '',
2025-03-16 23:08:22 +01:00:   strapiToken: '[REDACTED]',
2025-03-16 23:08:22 +01:00:   enableBlog: true,
2025-03-16 23:08:22 +01:00:   enableTools: true,
2025-03-16 23:08:22 +01:00:   debug: true
2025-03-16 23:08:22 +01:00: }
2025-03-16 23:10:46 +01:00:    ▲ Next.js 15.1.6
2025-03-16 23:10:46 +01:00:    - Local:        http://localhost:3000
2025-03-16 23:10:46 +01:00:    - Network:      http://0.0.0.0:3000
2025-03-16 23:10:46 +01:00: 
2025-03-16 23:10:46 +01:00:  ✓ Starting...
2025-03-16 23:10:46 +01:00:  ✓ Ready in 55ms
2025-03-16 23:10:47 +01:00: Environment Configuration: {
2025-03-16 23:10:47 +01:00:   apiUrl: '/api/proxy',
2025-03-16 23:10:47 +01:00:   siteUrl: 'https://maasiso.nl',
2025-03-16 23:10:47 +01:00:   graphqlUrl: '',
2025-03-16 23:10:47 +01:00:   strapiToken: '[REDACTED]',
2025-03-16 23:10:47 +01:00:   enableBlog: true,
2025-03-16 23:10:47 +01:00:   enableTools: true,
2025-03-16 23:10:47 +01:00:   debug: true
2025-03-16 23:10:47 +01:00: }
2025-03-16 23:10:47 +01:00: Environment Configuration: {
2025-03-16 23:10:47 +01:00:   apiUrl: '/api/proxy',
2025-03-16 23:10:47 +01:00:   siteUrl: 'https://maasiso.nl',
2025-03-16 23:10:47 +01:00:   graphqlUrl: '',
2025-03-16 23:10:47 +01:00:   strapiToken: '[REDACTED]',
2025-03-16 23:10:47 +01:00:   enableBlog: true,
2025-03-16 23:10:47 +01:00:   enableTools: true,
2025-03-16 23:10:47 +01:00:   debug: true
2025-03-16 23:10:47 +01:00: }
2025-03-18 19:54:37 +01:00:    ▲ Next.js 15.1.6
2025-03-18 19:54:37 +01:00:    - Local:        http://localhost:3000
2025-03-18 19:54:37 +01:00:    - Network:      http://0.0.0.0:3000
2025-03-18 19:54:37 +01:00: 
2025-03-18 19:54:37 +01:00:  ✓ Starting...
2025-03-18 19:54:37 +01:00:  ✓ Ready in 56ms
